2026-03-20 16:40:00.978 INFO  [background-preinit] o.h.validator.internal.util.Version - HV000001: Hibernate Validator 8.0.1.Final
2026-03-20 16:40:01.002 INFO  [restartedMain] f.metricsX.MetricsXApplication - Starting MetricsXApplication using Java 21.0.7 with PID 10724 (D:\code\metrics_express\backend\target\classes started by Admin in D:\code\metrics_express\backend)
2026-03-20 16:40:01.003 INFO  [restartedMain] f.metricsX.MetricsXApplication - No active profile set, falling back to 1 default profile: "default"
2026-03-20 16:40:01.033 INFO  [restartedMain] o.s.b.d.e.DevToolsPropertyDefaultsPostProcessor - Devtools property defaults active! Set 'spring.devtools.add-properties' to 'false' to disable
2026-03-20 16:40:01.034 INFO  [restartedMain] o.s.b.d.e.DevToolsPropertyDefaultsPostProcessor - For additional web related logging consider setting the 'logging.level.web' property to 'DEBUG'
2026-03-20 16:40:01.818 INFO  [restartedMain] o.s.d.r.c.RepositoryConfigurationDelegate - Multiple Spring Data modules found, entering strict repository configuration mode
2026-03-20 16:40:01.818 INFO  [restartedMain] o.s.d.r.c.RepositoryConfigurationDelegate - Bootstrapping Spring Data JPA repositories in DEFAULT mode.
2026-03-20 16:40:01.896 INFO  [restartedMain] o.s.d.r.c.RepositoryConfigurationDelegate - Finished Spring Data repository scanning in 73 ms. Found 1 JPA repository interface.
2026-03-20 16:40:01.905 INFO  [restartedMain] o.s.d.r.c.RepositoryConfigurationDelegate - Multiple Spring Data modules found, entering strict repository configuration mode
2026-03-20 16:40:01.906 INFO  [restartedMain] o.s.d.r.c.RepositoryConfigurationDelegate - Bootstrapping Spring Data Redis repositories in DEFAULT mode.
2026-03-20 16:40:01.919 INFO  [restartedMain] o.s.d.r.c.RepositoryConfigurationExtensionSupport - Spring Data Redis - Could not safely identify store assignment for repository candidate interface metro.ExoticStamp.modules.user.infrastructure.persistence.JpaUserRepository; If you want this repository to be a Redis repository, consider annotating your entities with one of these annotations: org.springframework.data.redis.core.RedisHash (preferred), or consider extending one of the following types with your repository: org.springframework.data.keyvalue.repository.KeyValueRepository
2026-03-20 16:40:01.919 INFO  [restartedMain] o.s.d.r.c.RepositoryConfigurationDelegate - Finished Spring Data repository scanning in 8 ms. Found 0 Redis repository interfaces.
2026-03-20 16:40:02.419 INFO  [restartedMain] o.s.b.w.e.tomcat.TomcatWebServer - Tomcat initialized with port 8080 (http)
2026-03-20 16:40:02.426 INFO  [restartedMain] o.a.coyote.http11.Http11NioProtocol - Initializing ProtocolHandler ["http-nio-8080"]
2026-03-20 16:40:02.428 INFO  [restartedMain] o.a.catalina.core.StandardService - Starting service [Tomcat]
2026-03-20 16:40:02.428 INFO  [restartedMain] o.a.catalina.core.StandardEngine - Starting Servlet engine: [Apache Tomcat/10.1.31]
2026-03-20 16:40:02.463 INFO  [restartedMain] o.a.c.c.C.[Tomcat].[localhost].[/] - Initializing Spring embedded WebApplicationContext
2026-03-20 16:40:02.463 INFO  [restartedMain] o.s.b.w.s.c.ServletWebServerApplicationContext - Root WebApplicationContext: initialization completed in 1429 ms
2026-03-20 16:40:02.594 WARN  [restartedMain] o.s.b.w.s.c.AnnotationConfigServletWebServerApplicationContext - Exception encountered during context initialization - cancelling refresh attempt: org.springframework.beans.factory.BeanCreationException: Error creating bean with name 'entityManagerFactory' defined in class path resource [org/springframework/boot/autoconfigure/orm/jpa/HibernateJpaConfiguration.class]: Failed to initialize dependency 'dataSourceScriptDatabaseInitializer' of LoadTimeWeaverAware bean 'entityManagerFactory': Error creating bean with name 'dataSourceScriptDatabaseInitializer' defined in class path resource [org/springframework/boot/autoconfigure/sql/init/DataSourceInitializationConfiguration.class]: Unsatisfied dependency expressed through method 'dataSourceScriptDatabaseInitializer' parameter 0: Error creating bean with name 'dataSource' defined in class path resource [org/springframework/boot/autoconfigure/jdbc/DataSourceConfiguration$Hikari.class]: Failed to instantiate [com.zaxxer.hikari.HikariDataSource]: Factory method 'dataSource' threw exception with message: Failed to determine a suitable driver class
2026-03-20 16:40:02.596 INFO  [restartedMain] o.a.catalina.core.StandardService - Stopping service [Tomcat]
2026-03-20 16:40:02.611 INFO  [restartedMain] o.s.b.a.l.ConditionEvaluationReportLogger - 

Error starting ApplicationContext. To display the condition evaluation report re-run your application with 'debug' enabled.
2026-03-20 16:40:02.624 ERROR [restartedMain] o.s.b.d.LoggingFailureAnalysisReporter - 

***************************
APPLICATION FAILED TO START
***************************

Description:

Failed to configure a DataSource: 'url' attribute is not specified and no embedded datasource could be configured.

Reason: Failed to determine a suitable driver class


Action:

Consider the following:
	If you want an embedded database (H2, HSQL or Derby), please put it on the classpath.
	If you have database settings to be loaded from a particular profile you may need to activate it (no profiles are currently active).

[2m2026-03-20 16:41:16.174[0;39m [32mINFO [0;39m [35m[background-preinit][0;39m [36mo.h.validator.internal.util.Version[0;39m - HV000001: Hibernate Validator 8.0.1.Final
[2m2026-03-20 16:41:16.197[0;39m [32mINFO [0;39m [35m[restartedMain][0;39m [36mf.metricsX.MetricsXApplication[0;39m - Starting MetricsXApplication using Java 21.0.7 with PID 20412 (D:\code\metrics_express\backend\target\classes started by Admin in D:\code\metrics_express\backend)
[2m2026-03-20 16:41:16.197[0;39m [32mINFO [0;39m [35m[restartedMain][0;39m [36mf.metricsX.MetricsXApplication[0;39m - No active profile set, falling back to 1 default profile: "default"
[2m2026-03-20 16:41:16.227[0;39m [32mINFO [0;39m [35m[restartedMain][0;39m [36mo.s.b.d.e.DevToolsPropertyDefaultsPostProcessor[0;39m - Devtools property defaults active! Set 'spring.devtools.add-properties' to 'false' to disable
[2m2026-03-20 16:41:16.227[0;39m [32mINFO [0;39m [35m[restartedMain][0;39m [36mo.s.b.d.e.DevToolsPropertyDefaultsPostProcessor[0;39m - For additional web related logging consider setting the 'logging.level.web' property to 'DEBUG'
[2m2026-03-20 16:41:17.025[0;39m [32mINFO [0;39m [35m[restartedMain][0;39m [36mo.s.d.r.c.RepositoryConfigurationDelegate[0;39m - Multiple Spring Data modules found, entering strict repository configuration mode
[2m2026-03-20 16:41:17.027[0;39m [32mINFO [0;39m [35m[restartedMain][0;39m [36mo.s.d.r.c.RepositoryConfigurationDelegate[0;39m - Bootstrapping Spring Data JPA repositories in DEFAULT mode.
[2m2026-03-20 16:41:17.117[0;39m [32mINFO [0;39m [35m[restartedMain][0;39m [36mo.s.d.r.c.RepositoryConfigurationDelegate[0;39m - Finished Spring Data repository scanning in 86 ms. Found 1 JPA repository interface.
[2m2026-03-20 16:41:17.126[0;39m [32mINFO [0;39m [35m[restartedMain][0;39m [36mo.s.d.r.c.RepositoryConfigurationDelegate[0;39m - Multiple Spring Data modules found, entering strict repository configuration mode
[2m2026-03-20 16:41:17.127[0;39m [32mINFO [0;39m [35m[restartedMain][0;39m [36mo.s.d.r.c.RepositoryConfigurationDelegate[0;39m - Bootstrapping Spring Data Redis repositories in DEFAULT mode.
[2m2026-03-20 16:41:17.142[0;39m [32mINFO [0;39m [35m[restartedMain][0;39m [36mo.s.d.r.c.RepositoryConfigurationExtensionSupport[0;39m - Spring Data Redis - Could not safely identify store assignment for repository candidate interface metro.ExoticStamp.modules.user.infrastructure.persistence.JpaUserRepository; If you want this repository to be a Redis repository, consider annotating your entities with one of these annotations: org.springframework.data.redis.core.RedisHash (preferred), or consider extending one of the following types with your repository: org.springframework.data.keyvalue.repository.KeyValueRepository
[2m2026-03-20 16:41:17.143[0;39m [32mINFO [0;39m [35m[restartedMain][0;39m [36mo.s.d.r.c.RepositoryConfigurationDelegate[0;39m - Finished Spring Data repository scanning in 10 ms. Found 0 Redis repository interfaces.
[2m2026-03-20 16:41:17.671[0;39m [32mINFO [0;39m [35m[restartedMain][0;39m [36mo.s.b.w.e.tomcat.TomcatWebServer[0;39m - Tomcat initialized with port 8080 (http)
[2m2026-03-20 16:41:17.679[0;39m [32mINFO [0;39m [35m[restartedMain][0;39m [36mo.a.coyote.http11.Http11NioProtocol[0;39m - Initializing ProtocolHandler ["http-nio-8080"]
[2m2026-03-20 16:41:17.681[0;39m [32mINFO [0;39m [35m[restartedMain][0;39m [36mo.a.catalina.core.StandardService[0;39m - Starting service [Tomcat]
[2m2026-03-20 16:41:17.682[0;39m [32mINFO [0;39m [35m[restartedMain][0;39m [36mo.a.catalina.core.StandardEngine[0;39m - Starting Servlet engine: [Apache Tomcat/10.1.31]
[2m2026-03-20 16:41:17.723[0;39m [32mINFO [0;39m [35m[restartedMain][0;39m [36mo.a.c.c.C.[Tomcat].[localhost].[/][0;39m - Initializing Spring embedded WebApplicationContext
[2m2026-03-20 16:41:17.724[0;39m [32mINFO [0;39m [35m[restartedMain][0;39m [36mo.s.b.w.s.c.ServletWebServerApplicationContext[0;39m - Root WebApplicationContext: initialization completed in 1496 ms
[2m2026-03-20 16:41:17.863[0;39m [33mWARN [0;39m [35m[restartedMain][0;39m [36mo.s.b.w.s.c.AnnotationConfigServletWebServerApplicationContext[0;39m - Exception encountered during context initialization - cancelling refresh attempt: org.springframework.beans.factory.BeanCreationException: Error creating bean with name 'entityManagerFactory' defined in class path resource [org/springframework/boot/autoconfigure/orm/jpa/HibernateJpaConfiguration.class]: Failed to initialize dependency 'dataSourceScriptDatabaseInitializer' of LoadTimeWeaverAware bean 'entityManagerFactory': Error creating bean with name 'dataSourceScriptDatabaseInitializer' defined in class path resource [org/springframework/boot/autoconfigure/sql/init/DataSourceInitializationConfiguration.class]: Unsatisfied dependency expressed through method 'dataSourceScriptDatabaseInitializer' parameter 0: Error creating bean with name 'dataSource' defined in class path resource [org/springframework/boot/autoconfigure/jdbc/DataSourceConfiguration$Hikari.class]: Failed to instantiate [com.zaxxer.hikari.HikariDataSource]: Factory method 'dataSource' threw exception with message: Failed to determine a suitable driver class
[2m2026-03-20 16:41:17.865[0;39m [32mINFO [0;39m [35m[restartedMain][0;39m [36mo.a.catalina.core.StandardService[0;39m - Stopping service [Tomcat]
[2m2026-03-20 16:41:17.880[0;39m [32mINFO [0;39m [35m[restartedMain][0;39m [36mo.s.b.a.l.ConditionEvaluationReportLogger[0;39m - 

Error starting ApplicationContext. To display the condition evaluation report re-run your application with 'debug' enabled.
[2m2026-03-20 16:41:17.893[0;39m [31mERROR[0;39m [35m[restartedMain][0;39m [36mo.s.b.d.LoggingFailureAnalysisReporter[0;39m - 

***************************
APPLICATION FAILED TO START
***************************

Description:

Failed to configure a DataSource: 'url' attribute is not specified and no embedded datasource could be configured.

Reason: Failed to determine a suitable driver class


Action:

Consider the following:
	If you want an embedded database (H2, HSQL or Derby), please put it on the classpath.
	If you have database settings to be loaded from a particular profile you may need to activate it (no profiles are currently active).

